03:04:49 **** Incremental Build of configuration Debug for project uros ****
make -j16 all 
docker pull microros/micro_ros_static_library_builder:humble && docker run --rm -v /home/abhay/STM32CubeIDE/microROS_ws/uros:/project --env MICROROS_LIBRARY_FOLDER=micro_ros_stm32cubemx_utils/microros_static_library_ide microros/micro_ros_static_library_builder:humble
humble: Pulling from microros/micro_ros_static_library_builder
Digest: sha256:d73ee0cb5d320c42fab269f638e706b67123fe2e50fc13a25af02f739893ca4b
Status: Image is up to date for microros/micro_ros_static_library_builder:humble
docker.io/microros/micro_ros_static_library_builder:humble
dos2unix: converting file /project/micro_ros_stm32cubemx_utils/microros_static_library_ide/library_generation/library_generation.sh to Unix format...
micro-ROS library found. Skipping...
Delete micro_ros_stm32cubemx_utils/microros_static_library_ide/libmicroros/ for rebuild.
 
arm-none-eabi-gcc "../Core/Src/main.c" -mcpu=cortex-m4 -std=gnu11 -g3 -DDEBUG -DUSE_HAL_DRIVER -DSTM32F411xE -c -I../Core/Inc -I../micro_ros_stm32cubemx_utils/microros_static_library_ide/libmicroros/include -I../Drivers/STM32F4xx_HAL_Driver/Inc -I../Drivers/STM32F4xx_HAL_Driver/Inc/Legacy -I../Drivers/CMSIS/Device/ST/STM32F4xx/Include -I../Drivers/CMSIS/Include -I../Middlewares/Third_Party/FreeRTOS/Source/include -I../Middlewares/Third_Party/FreeRTOS/Source/CMSIS_RTOS_V2 -I../Middlewares/Third_Party/FreeRTOS/Source/portable/GCC/ARM_CM4F -O0 -ffunction-sections -fdata-sections -Wall -fstack-usage -fcyclomatic-complexity -MMD -MP -MF"Core/Src/main.d" -MT"Core/Src/main.o" --specs=nano.specs -mfpu=fpv4-sp-d16 -mfloat-abi=hard -mthumb -o "Core/Src/main.o"
../Core/Src/main.c: In function 'MX_GPIO_Init':
../Core/Src/main.c:449:38: error: 'orange_Pin' undeclared (first use in this function)
  449 |   HAL_GPIO_WritePin(GPIOD, green_Pin|orange_Pin|red_Pin|blue_Pin, GPIO_PIN_RESET);
      |                                      ^~~~~~~~~~
../Core/Src/main.c:449:38: note: each undeclared identifier is reported only once for each function it appears in
../Core/Src/main.c:449:57: error: 'blue_Pin' undeclared (first use in this function)
  449 |   HAL_GPIO_WritePin(GPIOD, green_Pin|orange_Pin|red_Pin|blue_Pin, GPIO_PIN_RESET);
      |                                                         ^~~~~~~~
../Core/Src/main.c: In function 'StartDefaultTask':
../Core/Src/main.c:486:27: error: 'ARRAY_LEN' undeclared (first use in this function)
  486 |           char test_array[ARRAY_LEN];
      |                           ^~~~~~~~~
../Core/Src/main.c:486:16: warning: unused variable 'test_array' [-Wunused-variable]
  486 |           char test_array[ARRAY_LEN];
      |                ^~~~~~~~~~
../Core/Src/main.c:575:13: warning: ignoring return value of 'rcl_subscription_fini' declared with attribute 'warn_unused_result' [-Wunused-result]
  575 |             rcl_subscription_fini(&subscriber_cmd_vel, &node);
      |             ^~~~~~~~~~~~~~~~~~~~~~~~~~~~~~~~~~~~~~~~~~~~~~~~~
../Core/Src/main.c:576:13: warning: ignoring return value of 'rcl_node_fini' declared with attribute 'warn_unused_result' [-Wunused-result]
  576 |             rcl_node_fini(&node);
      |             ^~~~~~~~~~~~~~~~~~~~
../Core/Src/main.c: At top level:
../Core/Src/main.c:75:16: warning: 'rightWheelEncoder' defined but not used [-Wunused-variable]
   75 | static int32_t rightWheelEncoder = 0;
      |                ^~~~~~~~~~~~~~~~~
../Core/Src/main.c:74:16: warning: 'leftWheelEncoder' defined but not used [-Wunused-variable]
   74 | static int32_t leftWheelEncoder = 0;
      |                ^~~~~~~~~~~~~~~~
make[1]: *** [Core/Src/subdir.mk:46: Core/Src/main.o] Error 1
make: *** [makefile:63: all] Error 2
"make -j16 all" terminated with exit code 2. Build might be incomplete.
03:05:10 **** Incremental Build of configuration Debug for project uros ****
make -j16 all 
docker pull microros/micro_ros_static_library_builder:humble && docker run --rm -v /home/abhay/STM32CubeIDE/microROS_ws/uros:/project --env MICROROS_LIBRARY_FOLDER=micro_ros_stm32cubemx_utils/microros_static_library_ide microros/micro_ros_static_library_builder:humble
humble: Pulling from microros/micro_ros_static_library_builder
Digest: sha256:d73ee0cb5d320c42fab269f638e706b67123fe2e50fc13a25af02f739893ca4b
Status: Image is up to date for microros/micro_ros_static_library_builder:humble
docker.io/microros/micro_ros_static_library_builder:humble
dos2unix: converting file /project/micro_ros_stm32cubemx_utils/microros_static_library_ide/library_generation/library_generation.sh to Unix format...
micro-ROS library found. Skipping...
Delete micro_ros_stm32cubemx_utils/microros_static_library_ide/libmicroros/ for rebuild.
 
arm-none-eabi-gcc "../Core/Src/main.c" -mcpu=cortex-m4 -std=gnu11 -g3 -DDEBUG -DUSE_HAL_DRIVER -DSTM32F411xE -c -I../Core/Inc -I../micro_ros_stm32cubemx_utils/microros_static_library_ide/libmicroros/include -I../Drivers/STM32F4xx_HAL_Driver/Inc -I../Drivers/STM32F4xx_HAL_Driver/Inc/Legacy -I../Drivers/CMSIS/Device/ST/STM32F4xx/Include -I../Drivers/CMSIS/Include -I../Middlewares/Third_Party/FreeRTOS/Source/include -I../Middlewares/Third_Party/FreeRTOS/Source/CMSIS_RTOS_V2 -I../Middlewares/Third_Party/FreeRTOS/Source/portable/GCC/ARM_CM4F -O0 -ffunction-sections -fdata-sections -Wall -fstack-usage -fcyclomatic-complexity -MMD -MP -MF"Core/Src/main.d" -MT"Core/Src/main.o" --specs=nano.specs -mfpu=fpv4-sp-d16 -mfloat-abi=hard -mthumb -o "Core/Src/main.o"
../Core/Src/main.c: In function 'MX_GPIO_Init':
../Core/Src/main.c:449:38: error: 'orange_Pin' undeclared (first use in this function)
  449 |   HAL_GPIO_WritePin(GPIOD, green_Pin|orange_Pin|red_Pin|blue_Pin, GPIO_PIN_RESET);
      |                                      ^~~~~~~~~~
../Core/Src/main.c:449:38: note: each undeclared identifier is reported only once for each function it appears in
../Core/Src/main.c:449:57: error: 'blue_Pin' undeclared (first use in this function)
  449 |   HAL_GPIO_WritePin(GPIOD, green_Pin|orange_Pin|red_Pin|blue_Pin, GPIO_PIN_RESET);
      |                                                         ^~~~~~~~
../Core/Src/main.c: In function 'StartDefaultTask':
../Core/Src/main.c:486:27: error: 'ARRAY_LEN' undeclared (first use in this function)
  486 |           char test_array[ARRAY_LEN];
      |                           ^~~~~~~~~
../Core/Src/main.c:486:16: warning: unused variable 'test_array' [-Wunused-variable]
  486 |           char test_array[ARRAY_LEN];
      |                ^~~~~~~~~~
../Core/Src/main.c:575:13: warning: ignoring return value of 'rcl_subscription_fini' declared with attribute 'warn_unused_result' [-Wunused-result]
  575 |             rcl_subscription_fini(&subscriber_cmd_vel, &node);
      |             ^~~~~~~~~~~~~~~~~~~~~~~~~~~~~~~~~~~~~~~~~~~~~~~~~
../Core/Src/main.c:576:13: warning: ignoring return value of 'rcl_node_fini' declared with attribute 'warn_unused_result' [-Wunused-result]
  576 |             rcl_node_fini(&node);
      |             ^~~~~~~~~~~~~~~~~~~~
../Core/Src/main.c: At top level:
../Core/Src/main.c:75:16: warning: 'rightWheelEncoder' defined but not used [-Wunused-variable]
   75 | static int32_t rightWheelEncoder = 0;
      |                ^~~~~~~~~~~~~~~~~
../Core/Src/main.c:74:16: warning: 'leftWheelEncoder' defined but not used [-Wunused-variable]
   74 | static int32_t leftWheelEncoder = 0;
      |                ^~~~~~~~~~~~~~~~
make[1]: *** [Core/Src/subdir.mk:46: Core/Src/main.o] Error 1
make: *** [makefile:63: all] Error 2
"make -j16 all" terminated with exit code 2. Build might be incomplete.
03:05:48 **** Incremental Build of configuration Debug for project uros ****
make -j16 all 
docker pull microros/micro_ros_static_library_builder:humble && docker run --rm -v /home/abhay/STM32CubeIDE/microROS_ws/uros:/project --env MICROROS_LIBRARY_FOLDER=micro_ros_stm32cubemx_utils/microros_static_library_ide microros/micro_ros_static_library_builder:humble
humble: Pulling from microros/micro_ros_static_library_builder
Digest: sha256:d73ee0cb5d320c42fab269f638e706b67123fe2e50fc13a25af02f739893ca4b
Status: Image is up to date for microros/micro_ros_static_library_builder:humble
docker.io/microros/micro_ros_static_library_builder:humble
dos2unix: converting file /project/micro_ros_stm32cubemx_utils/microros_static_library_ide/library_generation/library_generation.sh to Unix format...
micro-ROS library found. Skipping...
Delete micro_ros_stm32cubemx_utils/microros_static_library_ide/libmicroros/ for rebuild.
 
arm-none-eabi-gcc "../Core/Src/main.c" -mcpu=cortex-m4 -std=gnu11 -g3 -DDEBUG -DUSE_HAL_DRIVER -DSTM32F411xE -c -I../Core/Inc -I../micro_ros_stm32cubemx_utils/microros_static_library_ide/libmicroros/include -I../Drivers/STM32F4xx_HAL_Driver/Inc -I../Drivers/STM32F4xx_HAL_Driver/Inc/Legacy -I../Drivers/CMSIS/Device/ST/STM32F4xx/Include -I../Drivers/CMSIS/Include -I../Middlewares/Third_Party/FreeRTOS/Source/include -I../Middlewares/Third_Party/FreeRTOS/Source/CMSIS_RTOS_V2 -I../Middlewares/Third_Party/FreeRTOS/Source/portable/GCC/ARM_CM4F -O0 -ffunction-sections -fdata-sections -Wall -fstack-usage -fcyclomatic-complexity -MMD -MP -MF"Core/Src/main.d" -MT"Core/Src/main.o" --specs=nano.specs -mfpu=fpv4-sp-d16 -mfloat-abi=hard -mthumb -o "Core/Src/main.o"
../Core/Src/main.c: In function 'MX_GPIO_Init':
../Core/Src/main.c:449:38: error: 'orange_Pin' undeclared (first use in this function)
  449 |   HAL_GPIO_WritePin(GPIOD, green_Pin|orange_Pin|red_Pin|blue_Pin, GPIO_PIN_RESET);
      |                                      ^~~~~~~~~~
../Core/Src/main.c:449:38: note: each undeclared identifier is reported only once for each function it appears in
../Core/Src/main.c:449:57: error: 'blue_Pin' undeclared (first use in this function)
  449 |   HAL_GPIO_WritePin(GPIOD, green_Pin|orange_Pin|red_Pin|blue_Pin, GPIO_PIN_RESET);
      |                                                         ^~~~~~~~
../Core/Src/main.c: In function 'StartDefaultTask':
../Core/Src/main.c:486:27: error: 'ARRAY_LEN' undeclared (first use in this function)
  486 |           char test_array[ARRAY_LEN];
      |                           ^~~~~~~~~
../Core/Src/main.c:486:16: warning: unused variable 'test_array' [-Wunused-variable]
  486 |           char test_array[ARRAY_LEN];
      |                ^~~~~~~~~~
../Core/Src/main.c:575:13: warning: ignoring return value of 'rcl_subscription_fini' declared with attribute 'warn_unused_result' [-Wunused-result]
  575 |             rcl_subscription_fini(&subscriber_cmd_vel, &node);
      |             ^~~~~~~~~~~~~~~~~~~~~~~~~~~~~~~~~~~~~~~~~~~~~~~~~
../Core/Src/main.c:576:13: warning: ignoring return value of 'rcl_node_fini' declared with attribute 'warn_unused_result' [-Wunused-result]
  576 |             rcl_node_fini(&node);
      |             ^~~~~~~~~~~~~~~~~~~~
../Core/Src/main.c: At top level:
../Core/Src/main.c:75:16: warning: 'rightWheelEncoder' defined but not used [-Wunused-variable]
   75 | static int32_t rightWheelEncoder = 0;
      |                ^~~~~~~~~~~~~~~~~
../Core/Src/main.c:74:16: warning: 'leftWheelEncoder' defined but not used [-Wunused-variable]
   74 | static int32_t leftWheelEncoder = 0;
      |                ^~~~~~~~~~~~~~~~
make[1]: *** [Core/Src/subdir.mk:46: Core/Src/main.o] Error 1
make: *** [makefile:63: all] Error 2
"make -j16 all" terminated with exit code 2. Build might be incomplete.
03:07:09 **** Incremental Build of configuration Debug for project uros ****
make -j16 all 
docker pull microros/micro_ros_static_library_builder:humble && docker run --rm -v /home/abhay/STM32CubeIDE/microROS_ws/uros:/project --env MICROROS_LIBRARY_FOLDER=micro_ros_stm32cubemx_utils/microros_static_library_ide microros/micro_ros_static_library_builder:humble
humble: Pulling from microros/micro_ros_static_library_builder
Digest: sha256:d73ee0cb5d320c42fab269f638e706b67123fe2e50fc13a25af02f739893ca4b
Status: Image is up to date for microros/micro_ros_static_library_builder:humble
docker.io/microros/micro_ros_static_library_builder:humble
dos2unix: converting file /project/micro_ros_stm32cubemx_utils/microros_static_library_ide/library_generation/library_generation.sh to Unix format...
micro-ROS library found. Skipping...
Delete micro_ros_stm32cubemx_utils/microros_static_library_ide/libmicroros/ for rebuild.
 
arm-none-eabi-gcc "../Core/Src/main.c" -mcpu=cortex-m4 -std=gnu11 -g3 -DDEBUG -DUSE_HAL_DRIVER -DSTM32F411xE -c -I../Core/Inc -I../micro_ros_stm32cubemx_utils/microros_static_library_ide/libmicroros/include -I../Drivers/STM32F4xx_HAL_Driver/Inc -I../Drivers/STM32F4xx_HAL_Driver/Inc/Legacy -I../Drivers/CMSIS/Device/ST/STM32F4xx/Include -I../Drivers/CMSIS/Include -I../Middlewares/Third_Party/FreeRTOS/Source/include -I../Middlewares/Third_Party/FreeRTOS/Source/CMSIS_RTOS_V2 -I../Middlewares/Third_Party/FreeRTOS/Source/portable/GCC/ARM_CM4F -O0 -ffunction-sections -fdata-sections -Wall -fstack-usage -fcyclomatic-complexity -MMD -MP -MF"Core/Src/main.d" -MT"Core/Src/main.o" --specs=nano.specs -mfpu=fpv4-sp-d16 -mfloat-abi=hard -mthumb -o "Core/Src/main.o"
../Core/Src/main.c: In function 'MX_GPIO_Init':
../Core/Src/main.c:449:38: error: 'orange_Pin' undeclared (first use in this function)
  449 |   HAL_GPIO_WritePin(GPIOD, green_Pin|orange_Pin|red_Pin|blue_Pin, GPIO_PIN_RESET);
      |                                      ^~~~~~~~~~
../Core/Src/main.c:449:38: note: each undeclared identifier is reported only once for each function it appears in
../Core/Src/main.c:449:57: error: 'blue_Pin' undeclared (first use in this function)
  449 |   HAL_GPIO_WritePin(GPIOD, green_Pin|orange_Pin|red_Pin|blue_Pin, GPIO_PIN_RESET);
      |                                                         ^~~~~~~~
../Core/Src/main.c: In function 'StartDefaultTask':
../Core/Src/main.c:486:27: error: 'ARRAY_LEN' undeclared (first use in this function)
  486 |           char test_array[ARRAY_LEN];
      |                           ^~~~~~~~~
../Core/Src/main.c:486:16: warning: unused variable 'test_array' [-Wunused-variable]
  486 |           char test_array[ARRAY_LEN];
      |                ^~~~~~~~~~
../Core/Src/main.c:575:13: warning: ignoring return value of 'rcl_subscription_fini' declared with attribute 'warn_unused_result' [-Wunused-result]
  575 |             rcl_subscription_fini(&subscriber_cmd_vel, &node);
      |             ^~~~~~~~~~~~~~~~~~~~~~~~~~~~~~~~~~~~~~~~~~~~~~~~~
../Core/Src/main.c:576:13: warning: ignoring return value of 'rcl_node_fini' declared with attribute 'warn_unused_result' [-Wunused-result]
  576 |             rcl_node_fini(&node);
      |             ^~~~~~~~~~~~~~~~~~~~
../Core/Src/main.c: At top level:
../Core/Src/main.c:75:16: warning: 'rightWheelEncoder' defined but not used [-Wunused-variable]
   75 | static int32_t rightWheelEncoder = 0;
      |                ^~~~~~~~~~~~~~~~~
../Core/Src/main.c:74:16: warning: 'leftWheelEncoder' defined but not used [-Wunused-variable]
   74 | static int32_t leftWheelEncoder = 0;
      |                ^~~~~~~~~~~~~~~~
make[1]: *** [Core/Src/subdir.mk:46: Core/Src/main.o] Error 1
make: *** [makefile:63: all] Error 2
"make -j16 all" terminated with exit code 2. Build might be incomplete.
03:08:13 **** Incremental Build of configuration Debug for project uros ****
make -j16 all 
docker pull microros/micro_ros_static_library_builder:humble && docker run --rm -v /home/abhay/STM32CubeIDE/microROS_ws/uros:/project --env MICROROS_LIBRARY_FOLDER=micro_ros_stm32cubemx_utils/microros_static_library_ide microros/micro_ros_static_library_builder:humble
humble: Pulling from microros/micro_ros_static_library_builder
Digest: sha256:d73ee0cb5d320c42fab269f638e706b67123fe2e50fc13a25af02f739893ca4b
Status: Image is up to date for microros/micro_ros_static_library_builder:humble
docker.io/microros/micro_ros_static_library_builder:humble
dos2unix: converting file /project/micro_ros_stm32cubemx_utils/microros_static_library_ide/library_generation/library_generation.sh to Unix format...
micro-ROS library found. Skipping...
Delete micro_ros_stm32cubemx_utils/microros_static_library_ide/libmicroros/ for rebuild.
 
arm-none-eabi-gcc "../Core/Src/main.c" -mcpu=cortex-m4 -std=gnu11 -g3 -DDEBUG -DUSE_HAL_DRIVER -DSTM32F411xE -c -I../Core/Inc -I../micro_ros_stm32cubemx_utils/microros_static_library_ide/libmicroros/include -I../Drivers/STM32F4xx_HAL_Driver/Inc -I../Drivers/STM32F4xx_HAL_Driver/Inc/Legacy -I../Drivers/CMSIS/Device/ST/STM32F4xx/Include -I../Drivers/CMSIS/Include -I../Middlewares/Third_Party/FreeRTOS/Source/include -I../Middlewares/Third_Party/FreeRTOS/Source/CMSIS_RTOS_V2 -I../Middlewares/Third_Party/FreeRTOS/Source/portable/GCC/ARM_CM4F -O0 -ffunction-sections -fdata-sections -Wall -fstack-usage -fcyclomatic-complexity -MMD -MP -MF"Core/Src/main.d" -MT"Core/Src/main.o" --specs=nano.specs -mfpu=fpv4-sp-d16 -mfloat-abi=hard -mthumb -o "Core/Src/main.o"
../Core/Src/main.c: In function 'MX_GPIO_Init':
../Core/Src/main.c:449:38: error: 'orange_Pin' undeclared (first use in this function)
  449 |   HAL_GPIO_WritePin(GPIOD, green_Pin|orange_Pin|red_Pin|blue_Pin, GPIO_PIN_RESET);
      |                                      ^~~~~~~~~~
../Core/Src/main.c:449:38: note: each undeclared identifier is reported only once for each function it appears in
../Core/Src/main.c:449:57: error: 'blue_Pin' undeclared (first use in this function)
  449 |   HAL_GPIO_WritePin(GPIOD, green_Pin|orange_Pin|red_Pin|blue_Pin, GPIO_PIN_RESET);
      |                                                         ^~~~~~~~
../Core/Src/main.c: In function 'StartDefaultTask':
../Core/Src/main.c:486:27: error: 'ARRAY_LEN' undeclared (first use in this function)
  486 |           char test_array[ARRAY_LEN];
      |                           ^~~~~~~~~
../Core/Src/main.c:486:16: warning: unused variable 'test_array' [-Wunused-variable]
  486 |           char test_array[ARRAY_LEN];
      |                ^~~~~~~~~~
../Core/Src/main.c:575:13: warning: ignoring return value of 'rcl_subscription_fini' declared with attribute 'warn_unused_result' [-Wunused-result]
  575 |             rcl_subscription_fini(&subscriber_cmd_vel, &node);
      |             ^~~~~~~~~~~~~~~~~~~~~~~~~~~~~~~~~~~~~~~~~~~~~~~~~
../Core/Src/main.c:576:13: warning: ignoring return value of 'rcl_node_fini' declared with attribute 'warn_unused_result' [-Wunused-result]
  576 |             rcl_node_fini(&node);
      |             ^~~~~~~~~~~~~~~~~~~~
../Core/Src/main.c: At top level:
../Core/Src/main.c:75:16: warning: 'rightWheelEncoder' defined but not used [-Wunused-variable]
   75 | static int32_t rightWheelEncoder = 0;
      |                ^~~~~~~~~~~~~~~~~
../Core/Src/main.c:74:16: warning: 'leftWheelEncoder' defined but not used [-Wunused-variable]
   74 | static int32_t leftWheelEncoder = 0;
      |                ^~~~~~~~~~~~~~~~
make[1]: *** [Core/Src/subdir.mk:46: Core/Src/main.o] Error 1
make: *** [makefile:63: all] Error 2
"make -j16 all" terminated with exit code 2. Build might be incomplete.
